second-year/second-semester/Integrated Software Project/Laboratori/Lab4/recyclerview_lab4/app/build/intermediates/manifest_merge_blame_file/debug/manifest-merger-blame-debug-report.txt
1<?xml version="1.0" encoding="utf-8"?>
2<manifest xmlns:android="http://schemas.android.com/apk/res/android"
3    package="com.example.recyclerview_example"
4    android:versionCode="1"
5    android:versionName="1.0" >
6
7    <uses-sdk
8        android:minSdkVersion="31"
8-->src/main/AndroidManifest.xml
9        android:targetSdkVersion="31" />
9-->src/main/AndroidManifest.xml
10
11    <uses-feature android:name="android.hardware.microphone" />
11-->src/main/AndroidManifest.xml:5:5-64
11-->src/main/AndroidManifest.xml:5:19-61
12
13    <uses-permission android:name="android.permission.RECORD_AUDIO" />
13-->src/main/AndroidManifest.xml:7:5-71
13-->src/main/AndroidManifest.xml:7:22-68
14    <uses-permission android:name="android.permission.READ_EXTERNAL_STORAGE" />
14-->src/main/AndroidManifest.xml:8:5-80
14-->src/main/AndroidManifest.xml:8:22-77
15
16    <!-- Although the *SdkVersion is captured in gradle build files, this is required for non gradle builds -->
17    <!-- <uses-sdk android:minSdkVersion="14" /> -->
18    <uses-permission android:name="android.permission.ACCESS_NETWORK_STATE" />
18-->[com.google.firebase:firebase-firestore:22.1.1] AndroidManifest.xml:13:5-79
18-->[com.google.firebase:firebase-firestore:22.1.1] AndroidManifest.xml:13:22-76
19    <uses-permission android:name="android.permission.INTERNET" />
19-->[com.google.firebase:firebase-firestore:22.1.1] AndroidManifest.xml:14:5-67
19-->[com.google.firebase:firebase-firestore:22.1.1] AndroidManifest.xml:14:22-64
20
21    <application
21-->src/main/AndroidManifest.xml:10:5-26:19
22        android:allowBackup="true"
22-->src/main/AndroidManifest.xml:11:9-35
23        android:appComponentFactory="androidx.core.app.CoreComponentFactory"
23-->[androidx.core:core:1.3.1] AndroidManifest.xml:24:18-86
24        android:debuggable="true"
25        android:extractNativeLibs="false"
26        android:icon="@mipmap/ic_launcher"
26-->src/main/AndroidManifest.xml:12:9-43
27        android:label="@string/app_name"
27-->src/main/AndroidManifest.xml:13:9-41
28        android:roundIcon="@mipmap/ic_launcher_round"
28-->src/main/AndroidManifest.xml:14:9-54
29        android:supportsRtl="true"
29-->src/main/AndroidManifest.xml:15:9-35
30        android:testOnly="true"
31        android:theme="@style/Theme.Example3" >
31-->src/main/AndroidManifest.xml:16:9-46
32        <activity
32-->src/main/AndroidManifest.xml:17:9-25:20
33            android:name="com.example.recyclerview_example.MainActivity"
33-->src/main/AndroidManifest.xml:18:13-73
34            android:exported="true" >
34-->src/main/AndroidManifest.xml:19:13-36
35            <intent-filter>
35-->src/main/AndroidManifest.xml:21:13-24:29
36                <action android:name="android.intent.action.MAIN" />
36-->src/main/AndroidManifest.xml:22:17-69
36-->src/main/AndroidManifest.xml:22:25-66
37
38                <category android:name="android.intent.category.LAUNCHER" />
38-->src/main/AndroidManifest.xml:23:17-77
38-->src/main/AndroidManifest.xml:23:27-74
39            </intent-filter>
40        </activity>
41
42        <service
42-->[com.google.firebase:firebase-firestore:22.1.1] AndroidManifest.xml:17:9-23:19
43            android:name="com.google.firebase.components.ComponentDiscoveryService"
43-->[com.google.firebase:firebase-firestore:22.1.1] AndroidManifest.xml:18:13-84
44            android:directBootAware="true"
44-->[com.google.firebase:firebase-common:19.5.0] AndroidManifest.xml:35:13-43
45            android:exported="false" >
45-->[com.google.firebase:firebase-firestore:22.1.1] AndroidManifest.xml:19:13-37
46            <meta-data
46-->[com.google.firebase:firebase-firestore:22.1.1] AndroidManifest.xml:20:13-22:85
47                android:name="com.google.firebase.components:com.google.firebase.firestore.FirestoreRegistrar"
47-->[com.google.firebase:firebase-firestore:22.1.1] AndroidManifest.xml:21:17-111
48                android:value="com.google.firebase.components.ComponentRegistrar" />
48-->[com.google.firebase:firebase-firestore:22.1.1] AndroidManifest.xml:22:17-82
49            <meta-data
49-->[com.google.firebase:firebase-auth:20.0.3] AndroidManifest.xml:77:13-79:85
50                android:name="com.google.firebase.components:com.google.firebase.auth.FirebaseAuthRegistrar"
50-->[com.google.firebase:firebase-auth:20.0.3] AndroidManifest.xml:78:17-109
51                android:value="com.google.firebase.components.ComponentRegistrar" />
51-->[com.google.firebase:firebase-auth:20.0.3] AndroidManifest.xml:79:17-82
52            <meta-data
52-->[com.google.firebase:firebase-storage:19.2.1] AndroidManifest.xml:33:13-35:85
53                android:name="com.google.firebase.components:com.google.firebase.storage.StorageRegistrar"
53-->[com.google.firebase:firebase-storage:19.2.1] AndroidManifest.xml:34:17-107
54                android:value="com.google.firebase.components.ComponentRegistrar" />
54-->[com.google.firebase:firebase-storage:19.2.1] AndroidManifest.xml:35:17-82
55            <!--
56                This registrar is not defined in the dynamic-module-support sdk itself to allow non-firebase
57                clients to use it as well, by defining this registrar in their own core/common library.
58            -->
59            <meta-data
59-->[com.google.firebase:firebase-common:19.5.0] AndroidManifest.xml:43:13-45:85
60                android:name="com.google.firebase.components:com.google.firebase.dynamicloading.DynamicLoadingRegistrar"
60-->[com.google.firebase:firebase-common:19.5.0] AndroidManifest.xml:44:17-121
61                android:value="com.google.firebase.components.ComponentRegistrar" />
61-->[com.google.firebase:firebase-common:19.5.0] AndroidManifest.xml:45:17-82
62        </service>
63
64        <activity
64-->[com.google.firebase:firebase-auth:20.0.3] AndroidManifest.xml:27:9-44:20
65            android:name="com.google.firebase.auth.internal.GenericIdpActivity"
65-->[com.google.firebase:firebase-auth:20.0.3] AndroidManifest.xml:28:13-80
66            android:excludeFromRecents="true"
66-->[com.google.firebase:firebase-auth:20.0.3] AndroidManifest.xml:29:13-46
67            android:exported="true"
67-->[com.google.firebase:firebase-auth:20.0.3] AndroidManifest.xml:30:13-36
68            android:launchMode="singleTask"
68-->[com.google.firebase:firebase-auth:20.0.3] AndroidManifest.xml:31:13-44
69            android:theme="@android:style/Theme.Translucent.NoTitleBar" >
69-->[com.google.firebase:firebase-auth:20.0.3] AndroidManifest.xml:32:13-72
70            <intent-filter>
70-->[com.google.firebase:firebase-auth:20.0.3] AndroidManifest.xml:33:13-43:29
71                <action android:name="android.intent.action.VIEW" />
71-->[com.google.firebase:firebase-auth:20.0.3] AndroidManifest.xml:34:17-69
71-->[com.google.firebase:firebase-auth:20.0.3] AndroidManifest.xml:34:25-66
72
73                <category android:name="android.intent.category.DEFAULT" />
73-->[com.google.firebase:firebase-auth:20.0.3] AndroidManifest.xml:36:17-76
73-->[com.google.firebase:firebase-auth:20.0.3] AndroidManifest.xml:36:27-73
74                <category android:name="android.intent.category.BROWSABLE" />
74-->[com.google.firebase:firebase-auth:20.0.3] AndroidManifest.xml:37:17-78
74-->[com.google.firebase:firebase-auth:20.0.3] AndroidManifest.xml:37:27-75
75
76                <data
76-->[com.google.firebase:firebase-auth:20.0.3] AndroidManifest.xml:39:17-42:51
77                    android:host="firebase.auth"
77-->[com.google.firebase:firebase-auth:20.0.3] AndroidManifest.xml:40:21-49
78                    android:path="/"
78-->[com.google.firebase:firebase-auth:20.0.3] AndroidManifest.xml:41:21-37
79                    android:scheme="genericidp" />
79-->[com.google.firebase:firebase-auth:20.0.3] AndroidManifest.xml:42:21-48
80            </intent-filter>
81        </activity>
82        <activity
82-->[com.google.firebase:firebase-auth:20.0.3] AndroidManifest.xml:45:9-62:20
83            android:name="com.google.firebase.auth.internal.RecaptchaActivity"
83-->[com.google.firebase:firebase-auth:20.0.3] AndroidManifest.xml:46:13-79
84            android:excludeFromRecents="true"
84-->[com.google.firebase:firebase-auth:20.0.3] AndroidManifest.xml:47:13-46
85            android:exported="true"
85-->[com.google.firebase:firebase-auth:20.0.3] AndroidManifest.xml:48:13-36
86            android:launchMode="singleTask"
86-->[com.google.firebase:firebase-auth:20.0.3] AndroidManifest.xml:49:13-44
87            android:theme="@android:style/Theme.Translucent.NoTitleBar" >
87-->[com.google.firebase:firebase-auth:20.0.3] AndroidManifest.xml:50:13-72
88            <intent-filter>
88-->[com.google.firebase:firebase-auth:20.0.3] AndroidManifest.xml:51:13-61:29
89                <action android:name="android.intent.action.VIEW" />
89-->[com.google.firebase:firebase-auth:20.0.3] AndroidManifest.xml:34:17-69
89-->[com.google.firebase:firebase-auth:20.0.3] AndroidManifest.xml:34:25-66
90
91                <category android:name="android.intent.category.DEFAULT" />
91-->[com.google.firebase:firebase-auth:20.0.3] AndroidManifest.xml:36:17-76
91-->[com.google.firebase:firebase-auth:20.0.3] AndroidManifest.xml:36:27-73
92                <category android:name="android.intent.category.BROWSABLE" />
92-->[com.google.firebase:firebase-auth:20.0.3] AndroidManifest.xml:37:17-78
92-->[com.google.firebase:firebase-auth:20.0.3] AndroidManifest.xml:37:27-75
93
94                <data
94-->[com.google.firebase:firebase-auth:20.0.3] AndroidManifest.xml:39:17-42:51
95                    android:host="firebase.auth"
95-->[com.google.firebase:firebase-auth:20.0.3] AndroidManifest.xml:40:21-49
96                    android:path="/"
96-->[com.google.firebase:firebase-auth:20.0.3] AndroidManifest.xml:41:21-37
97                    android:scheme="recaptcha" />
97-->[com.google.firebase:firebase-auth:20.0.3] AndroidManifest.xml:42:21-48
98            </intent-filter>
99        </activity>
100
101        <service
101-->[com.google.firebase:firebase-auth:20.0.3] AndroidManifest.xml:64:9-73:19
102            android:name="com.google.firebase.auth.api.fallback.service.FirebaseAuthFallbackService"
102-->[com.google.firebase:firebase-auth:20.0.3] AndroidManifest.xml:65:13-101
103            android:enabled="true"
103-->[com.google.firebase:firebase-auth:20.0.3] AndroidManifest.xml:66:13-35
104            android:exported="false" >
104-->[com.google.firebase:firebase-auth:20.0.3] AndroidManifest.xml:67:13-37
105            <intent-filter>
105-->[com.google.firebase:firebase-auth:20.0.3] AndroidManifest.xml:68:13-72:29
106                <action android:name="com.google.firebase.auth.api.gms.service.START" />
106-->[com.google.firebase:firebase-auth:20.0.3] AndroidManifest.xml:69:17-89
106-->[com.google.firebase:firebase-auth:20.0.3] AndroidManifest.xml:69:25-86
107
108                <category android:name="android.intent.category.DEFAULT" />
108-->[com.google.firebase:firebase-auth:20.0.3] AndroidManifest.xml:36:17-76
108-->[com.google.firebase:firebase-auth:20.0.3] AndroidManifest.xml:36:27-73
109            </intent-filter>
110        </service>
111        <service
111-->[androidx.room:room-runtime:2.4.1] AndroidManifest.xml:25:9-28:40
112            android:name="androidx.room.MultiInstanceInvalidationService"
112-->[androidx.room:room-runtime:2.4.1] AndroidManifest.xml:26:13-74
113            android:directBootAware="true"
113-->[androidx.room:room-runtime:2.4.1] AndroidManifest.xml:27:13-43
114            android:exported="false" />
114-->[androidx.room:room-runtime:2.4.1] AndroidManifest.xml:28:13-37
115
116        <provider
116-->[com.google.firebase:firebase-common:19.5.0] AndroidManifest.xml:26:9-31:39
117            android:name="com.google.firebase.provider.FirebaseInitProvider"
117-->[com.google.firebase:firebase-common:19.5.0] AndroidManifest.xml:27:13-77
118            android:authorities="com.example.recyclerview_example.firebaseinitprovider"
118-->[com.google.firebase:firebase-common:19.5.0] AndroidManifest.xml:28:13-72
119            android:directBootAware="true"
119-->[com.google.firebase:firebase-common:19.5.0] AndroidManifest.xml:29:13-43
120            android:exported="false"
120-->[com.google.firebase:firebase-common:19.5.0] AndroidManifest.xml:30:13-37
121            android:initOrder="100" />
121-->[com.google.firebase:firebase-common:19.5.0] AndroidManifest.xml:31:13-36
122
123        <activity
123-->[com.google.android.gms:play-services-base:17.1.0] AndroidManifest.xml:23:9-26:75
124            android:name="com.google.android.gms.common.api.GoogleApiActivity"
124-->[com.google.android.gms:play-services-base:17.1.0] AndroidManifest.xml:24:13-79
125            android:exported="false"
125-->[com.google.android.gms:play-services-base:17.1.0] AndroidManifest.xml:25:13-37
126            android:theme="@android:style/Theme.Translucent.NoTitleBar" />
126-->[com.google.android.gms:play-services-base:17.1.0] AndroidManifest.xml:26:13-72
127
128        <meta-data
128-->[com.google.android.gms:play-services-basement:17.1.0] AndroidManifest.xml:23:9-25:69
129            android:name="com.google.android.gms.version"
129-->[com.google.android.gms:play-services-basement:17.1.0] AndroidManifest.xml:24:13-58
130            android:value="@integer/google_play_services_version" />
130-->[com.google.android.gms:play-services-basement:17.1.0] AndroidManifest.xml:25:13-66
131
132        <provider
132-->[androidx.lifecycle:lifecycle-process:2.2.0] AndroidManifest.xml:25:9-29:43
133            android:name="androidx.lifecycle.ProcessLifecycleOwnerInitializer"
133-->[androidx.lifecycle:lifecycle-process:2.2.0] AndroidManifest.xml:26:13-79
134            android:authorities="com.example.recyclerview_example.lifecycle-process"
134-->[androidx.lifecycle:lifecycle-process:2.2.0] AndroidManifest.xml:27:13-69
135            android:exported="false"
135-->[androidx.lifecycle:lifecycle-process:2.2.0] AndroidManifest.xml:28:13-37
136            android:multiprocess="true" />
136-->[androidx.lifecycle:lifecycle-process:2.2.0] AndroidManifest.xml:29:13-40
137    </application>
138
139</manifest>